[2025-07-07 16:00:00,036][jax._src.xla_bridge][INFO] - Unable to initialize backend 'tpu': INTERNAL: Failed to open libtpu.so: libtpu.so: cannot open shared object file: No such file or directory
[2025-07-07 16:00:00,188][root][INFO] - Using JAX default device: cuda:0.
[2025-07-07 16:00:00,189][root][INFO] - MJX Warp is disabled via MJX_WARP_ENABLED=false.
[2025-07-07 16:00:00,445][absl][INFO] - Device count: 1, process count: 1 (id 0), local device count: 1, devices to be used count: 1
[2025-07-07 16:00:01,538][root][INFO] - Using JAX default device: cuda:0.
[2025-07-07 16:00:01,538][root][INFO] - MJX Warp is disabled via MJX_WARP_ENABLED=false.
[2025-07-07 16:00:19,823][root][INFO] - Using JAX default device: cuda:0.
[2025-07-07 16:00:19,823][root][INFO] - MJX Warp is disabled via MJX_WARP_ENABLED=false.
[2025-07-07 16:00:52,915][absl][INFO] - {'eval/walltime': 32.938599586486816, 'eval/episode_reward': Array(84.777, dtype=float32), 'eval/episode_reward/in_target': Array(13.076, dtype=float32), 'eval/episode_reward/upright': Array(586.68, dtype=float32), 'eval/episode_reward_std': Array(75.521, dtype=float32), 'eval/episode_reward/in_target_std': Array(76.268, dtype=float32), 'eval/episode_reward/upright_std': Array(276.348, dtype=float32), 'eval/avg_episode_length': Array(1000., dtype=float32), 'eval/std_episode_length': Array(0., dtype=float32), 'eval/epoch_eval_time': 32.938599586486816, 'eval/sps': 3886.018276639559}
[2025-07-07 16:00:52,932][absl][INFO] - orbax-checkpoint version: 0.11.18
[2025-07-07 16:00:52,932][absl][INFO] - [thread=MainThread] Failed to get flag value for EXPERIMENTAL_ORBAX_USE_DISTRIBUTED_PROCESS_ID.
[2025-07-07 16:00:52,933][absl][INFO] - [process=0] Started saving checkpoint to /home/sukchul/distributionally_robust_learning/learning/logs/FishSwim/3/ppo/models/0.
[2025-07-07 16:00:52,935][absl][INFO] - Creating tmp directory /home/sukchul/distributionally_robust_learning/learning/logs/FishSwim/3/ppo/models/0.orbax-checkpoint-tmp-0
[2025-07-07 16:00:52,937][absl][INFO] - Wrote Metadata={'item_handlers': None, 'metrics': {}, 'performance_metrics': {}, 'init_timestamp_nsecs': 1751871652936950772, 'commit_timestamp_nsecs': None, 'custom_metadata': {}}, json={"item_handlers": null, "metrics": {}, "performance_metrics": {}, "init_timestamp_nsecs": 1751871652936950772, "commit_timestamp_nsecs": null, "custom_metadata": {}} to /home/sukchul/distributionally_robust_learning/learning/logs/FishSwim/3/ppo/models/0.orbax-checkpoint-tmp-0/_CHECKPOINT_METADATA
[2025-07-07 16:00:52,943][absl][INFO] - Transferring arrays to host memory with options: use_replica_parallel=True, enable_pinned_host_transfer=True
[2025-07-07 16:00:52,953][absl][INFO] - Using ThreadSafeKeyValueSignalingClient
[2025-07-07 16:00:52,953][absl][INFO] - [process=0][thread=MainThread] Initiated "orbax.checkpoint._src.serialization.type_handlers.ArrayHandler".serialize. Time taken: 0.010893s
[2025-07-07 16:00:52,959][absl][INFO] - [process=0] /jax/checkpoint/write/blocking_bytes_per_sec: 50.6 MiB/s (total bytes: 1.0 MiB) (time elapsed: 20 milliseconds) (per-host)
[2025-07-07 16:00:52,970][absl][INFO] - [process=0][thread=MainThread] Initiated Pytree async_save. Time taken: 0.031586s (batch_requests_ready=0.002195s, total_serialization_initiated=0.017612s, others=0.011779s)
[2025-07-07 16:00:52,976][absl][INFO] - [process=0][thread=array_type_handler] Wrote 26 array_metadata.ArrayMetadata to /home/sukchul/distributionally_robust_learning/learning/logs/FishSwim/3/ppo/models/0.orbax-checkpoint-tmp-0/array_metadatas/process_0
[2025-07-07 16:00:53,112][absl][INFO] - [process=0][thread=write_metadata_after_commits] Commit + Array metadata written. Time taken: 0.139736s (commit=0.134243s, array_metadata_write=0.005494s)
[2025-07-07 16:00:53,114][absl][INFO] - [process=0] /jax/checkpoint/write/bytes_per_sec: 6.0 MiB/s (total bytes: 1.0 MiB) (time elapsed: 175 milliseconds) (per-host)
[2025-07-07 16:00:53,116][absl][INFO] - Read Metadata={'item_handlers': None, 'metrics': {}, 'performance_metrics': {}, 'init_timestamp_nsecs': 1751871652936950772, 'commit_timestamp_nsecs': None, 'custom_metadata': {}} from /home/sukchul/distributionally_robust_learning/learning/logs/FishSwim/3/ppo/models/0.orbax-checkpoint-tmp-0/_CHECKPOINT_METADATA
[2025-07-07 16:00:53,117][absl][INFO] - Updated Metadata={'item_handlers': 'orbax.checkpoint._src.handlers.pytree_checkpoint_handler.PyTreeCheckpointHandler', 'metrics': {}, 'performance_metrics': {}, 'init_timestamp_nsecs': 1751871652936950772, 'commit_timestamp_nsecs': None, 'custom_metadata': {}} to /home/sukchul/distributionally_robust_learning/learning/logs/FishSwim/3/ppo/models/0.orbax-checkpoint-tmp-0/_CHECKPOINT_METADATA
[2025-07-07 16:00:53,122][absl][INFO] - [process=0][thread=MainThread] Skipped cross-host ArrayMetadata validation because only one process is found: process_index=0.
[2025-07-07 16:00:53,151][absl][INFO] - [process=0][thread=MainThread] Pytree save finalize (merge_ocdbt + ArrayMetadata validation) completed. Time taken: 0.033464s. use_zarr3=False, enable_post_merge_validation=True, directory=/home/sukchul/distributionally_robust_learning/learning/logs/FishSwim/3/ppo/models/0.orbax-checkpoint-tmp-0
[2025-07-07 16:00:53,153][absl][INFO] - Renaming /home/sukchul/distributionally_robust_learning/learning/logs/FishSwim/3/ppo/models/0.orbax-checkpoint-tmp-0 to /home/sukchul/distributionally_robust_learning/learning/logs/FishSwim/3/ppo/models/0
[2025-07-07 16:00:53,155][absl][INFO] - [process=0][thread=MainThread] Finished saving checkpoint (finalized tmp dir) to `/home/sukchul/distributionally_robust_learning/learning/logs/FishSwim/3/ppo/models/0`.
[2025-07-07 16:00:53,155][absl][INFO] - Finished synchronous save in 0.22 seconds to /home/sukchul/distributionally_robust_learning/learning/logs/FishSwim/3/ppo/models/0
[2025-07-07 16:00:53,156][absl][INFO] - starting iteration 0 52.71085739135742
[2025-07-07 16:01:55,981][absl][INFO] - [process=0] Started saving checkpoint to /home/sukchul/distributionally_robust_learning/learning/logs/FishSwim/3/ppo/models/6881280.
[2025-07-07 16:01:55,982][absl][INFO] - Creating tmp directory /home/sukchul/distributionally_robust_learning/learning/logs/FishSwim/3/ppo/models/6881280.orbax-checkpoint-tmp-1
[2025-07-07 16:01:55,989][absl][INFO] - Transferring arrays to host memory with options: use_replica_parallel=True, enable_pinned_host_transfer=True
[2025-07-07 16:01:55,998][absl][INFO] - [process=0][thread=MainThread] Initiated "orbax.checkpoint._src.serialization.type_handlers.ArrayHandler".serialize. Time taken: 0.008695s
[2025-07-07 16:01:56,007][absl][INFO] - [process=0] /jax/checkpoint/write/blocking_bytes_per_sec: 45.9 MiB/s (total bytes: 1.0 MiB) (time elapsed: 22 milliseconds) (per-host)
[2025-07-07 16:01:56,012][absl][INFO] - [process=0][thread=MainThread] Initiated Pytree async_save. Time taken: 0.027181s (batch_requests_ready=0.003105s, total_serialization_initiated=0.016307s, others=0.007769s)
[2025-07-07 16:01:56,018][absl][INFO] - [process=0][thread=array_type_handler] Wrote 26 array_metadata.ArrayMetadata to /home/sukchul/distributionally_robust_learning/learning/logs/FishSwim/3/ppo/models/6881280.orbax-checkpoint-tmp-1/array_metadatas/process_0
[2025-07-07 16:01:56,155][absl][INFO] - [process=0][thread=write_metadata_after_commits] Commit + Array metadata written. Time taken: 0.146204s (commit=0.141242s, array_metadata_write=0.004962s)
[2025-07-07 16:01:56,156][absl][INFO] - [process=0] /jax/checkpoint/write/bytes_per_sec: 6.1 MiB/s (total bytes: 1.0 MiB) (time elapsed: 171 milliseconds) (per-host)
[2025-07-07 16:01:56,161][absl][INFO] - [process=0][thread=MainThread] Skipped cross-host ArrayMetadata validation because only one process is found: process_index=0.
[2025-07-07 16:01:56,191][absl][INFO] - [process=0][thread=MainThread] Pytree save finalize (merge_ocdbt + ArrayMetadata validation) completed. Time taken: 0.032312s. use_zarr3=False, enable_post_merge_validation=True, directory=/home/sukchul/distributionally_robust_learning/learning/logs/FishSwim/3/ppo/models/6881280.orbax-checkpoint-tmp-1
[2025-07-07 16:01:56,192][absl][INFO] - Renaming /home/sukchul/distributionally_robust_learning/learning/logs/FishSwim/3/ppo/models/6881280.orbax-checkpoint-tmp-1 to /home/sukchul/distributionally_robust_learning/learning/logs/FishSwim/3/ppo/models/6881280
[2025-07-07 16:01:56,194][absl][INFO] - [process=0][thread=MainThread] Finished saving checkpoint (finalized tmp dir) to `/home/sukchul/distributionally_robust_learning/learning/logs/FishSwim/3/ppo/models/6881280`.
[2025-07-07 16:01:56,195][absl][INFO] - Finished synchronous save in 0.21 seconds to /home/sukchul/distributionally_robust_learning/learning/logs/FishSwim/3/ppo/models/6881280
[2025-07-07 16:02:00,025][absl][INFO] - {'eval/walltime': 36.76640462875366, 'training/sps': np.float64(110438.78556664773), 'training/walltime': 62.308544635772705, 'training/entropy_loss': Array(-0.029, dtype=float32), 'training/policy_loss': Array(-0.002, dtype=float32), 'training/total_loss': Array(12.749, dtype=float32), 'training/v_loss': Array(12.779, dtype=float32), 'eval/episode_reward': Array(111.46, dtype=float32), 'eval/episode_reward/in_target': Array(6.448, dtype=float32), 'eval/episode_reward/upright': Array(846.545, dtype=float32), 'eval/episode_reward_std': Array(33.685, dtype=float32), 'eval/episode_reward/in_target_std': Array(36.476, dtype=float32), 'eval/episode_reward/upright_std': Array(91.501, dtype=float32), 'eval/avg_episode_length': Array(1000., dtype=float32), 'eval/std_episode_length': Array(0., dtype=float32), 'eval/epoch_eval_time': 3.8278050422668457, 'eval/sps': 33439.52959636569}
[2025-07-07 16:02:00,030][absl][INFO] - starting iteration 1 119.58545732498169
[2025-07-07 16:02:34,080][absl][INFO] - [process=0] Started saving checkpoint to /home/sukchul/distributionally_robust_learning/learning/logs/FishSwim/3/ppo/models/13762560.
[2025-07-07 16:02:34,082][absl][INFO] - Creating tmp directory /home/sukchul/distributionally_robust_learning/learning/logs/FishSwim/3/ppo/models/13762560.orbax-checkpoint-tmp-2
[2025-07-07 16:02:34,087][absl][INFO] - Transferring arrays to host memory with options: use_replica_parallel=True, enable_pinned_host_transfer=True
[2025-07-07 16:02:34,092][absl][INFO] - [process=0][thread=MainThread] Initiated "orbax.checkpoint._src.serialization.type_handlers.ArrayHandler".serialize. Time taken: 0.005377s
[2025-07-07 16:02:34,097][absl][INFO] - [process=0] /jax/checkpoint/write/blocking_bytes_per_sec: 84.3 MiB/s (total bytes: 1.0 MiB) (time elapsed: 12 milliseconds) (per-host)
[2025-07-07 16:02:34,098][absl][INFO] - [process=0][thread=MainThread] Initiated Pytree async_save. Time taken: 0.013532s (batch_requests_ready=0.001650s, total_serialization_initiated=0.006783s, others=0.005099s)
[2025-07-07 16:02:34,111][absl][INFO] - [process=0][thread=array_type_handler] Wrote 26 array_metadata.ArrayMetadata to /home/sukchul/distributionally_robust_learning/learning/logs/FishSwim/3/ppo/models/13762560.orbax-checkpoint-tmp-2/array_metadatas/process_0
[2025-07-07 16:02:34,240][absl][INFO] - [process=0][thread=write_metadata_after_commits] Commit + Array metadata written. Time taken: 0.142245s (commit=0.137474s, array_metadata_write=0.004771s)
[2025-07-07 16:02:34,242][absl][INFO] - [process=0] /jax/checkpoint/write/bytes_per_sec: 6.6 MiB/s (total bytes: 1.0 MiB) (time elapsed: 157 milliseconds) (per-host)
[2025-07-07 16:02:34,247][absl][INFO] - [process=0][thread=MainThread] Skipped cross-host ArrayMetadata validation because only one process is found: process_index=0.
[2025-07-07 16:02:34,277][absl][INFO] - [process=0][thread=MainThread] Pytree save finalize (merge_ocdbt + ArrayMetadata validation) completed. Time taken: 0.032746s. use_zarr3=False, enable_post_merge_validation=True, directory=/home/sukchul/distributionally_robust_learning/learning/logs/FishSwim/3/ppo/models/13762560.orbax-checkpoint-tmp-2
[2025-07-07 16:02:34,279][absl][INFO] - Renaming /home/sukchul/distributionally_robust_learning/learning/logs/FishSwim/3/ppo/models/13762560.orbax-checkpoint-tmp-2 to /home/sukchul/distributionally_robust_learning/learning/logs/FishSwim/3/ppo/models/13762560
[2025-07-07 16:02:34,280][absl][INFO] - [process=0][thread=MainThread] Finished saving checkpoint (finalized tmp dir) to `/home/sukchul/distributionally_robust_learning/learning/logs/FishSwim/3/ppo/models/13762560`.
[2025-07-07 16:02:34,281][absl][INFO] - Finished synchronous save in 0.20 seconds to /home/sukchul/distributionally_robust_learning/learning/logs/FishSwim/3/ppo/models/13762560
[2025-07-07 16:02:38,143][absl][INFO] - {'eval/walltime': 40.625306606292725, 'training/sps': np.float64(202195.23604825855), 'training/walltime': 96.34139394760132, 'training/entropy_loss': Array(-0.028, dtype=float32), 'training/policy_loss': Array(-0.005, dtype=float32), 'training/total_loss': Array(30.196, dtype=float32), 'training/v_loss': Array(30.228, dtype=float32), 'eval/episode_reward': Array(186.997, dtype=float32), 'eval/episode_reward/in_target': Array(110.789, dtype=float32), 'eval/episode_reward/upright': Array(720.455, dtype=float32), 'eval/episode_reward_std': Array(129.786, dtype=float32), 'eval/episode_reward/in_target_std': Array(158.439, dtype=float32), 'eval/episode_reward/upright_std': Array(175.827, dtype=float32), 'eval/avg_episode_length': Array(1000., dtype=float32), 'eval/std_episode_length': Array(0., dtype=float32), 'eval/epoch_eval_time': 3.8589019775390625, 'eval/sps': 33170.057375136916}
[2025-07-07 16:02:38,154][absl][INFO] - starting iteration 2 157.7093689441681
[2025-07-07 16:03:11,777][absl][INFO] - [process=0] Started saving checkpoint to /home/sukchul/distributionally_robust_learning/learning/logs/FishSwim/3/ppo/models/20643840.
[2025-07-07 16:03:11,778][absl][INFO] - Creating tmp directory /home/sukchul/distributionally_robust_learning/learning/logs/FishSwim/3/ppo/models/20643840.orbax-checkpoint-tmp-3
[2025-07-07 16:03:11,789][absl][INFO] - Transferring arrays to host memory with options: use_replica_parallel=True, enable_pinned_host_transfer=True
[2025-07-07 16:03:11,794][absl][INFO] - [process=0][thread=MainThread] Initiated "orbax.checkpoint._src.serialization.type_handlers.ArrayHandler".serialize. Time taken: 0.004295s
[2025-07-07 16:03:11,799][absl][INFO] - [process=0] /jax/checkpoint/write/blocking_bytes_per_sec: 93.6 MiB/s (total bytes: 1.0 MiB) (time elapsed: 11 milliseconds) (per-host)
[2025-07-07 16:03:11,802][absl][INFO] - [process=0][thread=MainThread] Initiated Pytree async_save. Time taken: 0.014419s (batch_requests_ready=0.001015s, total_serialization_initiated=0.005310s, others=0.008094s)
[2025-07-07 16:03:11,814][absl][INFO] - [process=0][thread=array_type_handler] Wrote 26 array_metadata.ArrayMetadata to /home/sukchul/distributionally_robust_learning/learning/logs/FishSwim/3/ppo/models/20643840.orbax-checkpoint-tmp-3/array_metadatas/process_0
[2025-07-07 16:03:11,941][absl][INFO] - [process=0][thread=write_metadata_after_commits] Commit + Array metadata written. Time taken: 0.141983s (commit=0.137005s, array_metadata_write=0.004978s)
[2025-07-07 16:03:11,943][absl][INFO] - [process=0] /jax/checkpoint/write/bytes_per_sec: 6.7 MiB/s (total bytes: 1.0 MiB) (time elapsed: 155 milliseconds) (per-host)
[2025-07-07 16:03:11,949][absl][INFO] - [process=0][thread=MainThread] Skipped cross-host ArrayMetadata validation because only one process is found: process_index=0.
[2025-07-07 16:03:11,978][absl][INFO] - [process=0][thread=MainThread] Pytree save finalize (merge_ocdbt + ArrayMetadata validation) completed. Time taken: 0.032533s. use_zarr3=False, enable_post_merge_validation=True, directory=/home/sukchul/distributionally_robust_learning/learning/logs/FishSwim/3/ppo/models/20643840.orbax-checkpoint-tmp-3
[2025-07-07 16:03:11,980][absl][INFO] - Renaming /home/sukchul/distributionally_robust_learning/learning/logs/FishSwim/3/ppo/models/20643840.orbax-checkpoint-tmp-3 to /home/sukchul/distributionally_robust_learning/learning/logs/FishSwim/3/ppo/models/20643840
[2025-07-07 16:03:11,980][absl][INFO] - [process=0][thread=MainThread] Finished saving checkpoint (finalized tmp dir) to `/home/sukchul/distributionally_robust_learning/learning/logs/FishSwim/3/ppo/models/20643840`.
[2025-07-07 16:03:11,981][absl][INFO] - Finished synchronous save in 0.20 seconds to /home/sukchul/distributionally_robust_learning/learning/logs/FishSwim/3/ppo/models/20643840
[2025-07-07 16:03:15,833][absl][INFO] - {'eval/walltime': 44.47495079040527, 'training/sps': np.float64(204727.80401229375), 'training/walltime': 129.95324277877808, 'training/entropy_loss': Array(-0.024, dtype=float32), 'training/policy_loss': Array(-0.007, dtype=float32), 'training/total_loss': Array(59.073, dtype=float32), 'training/v_loss': Array(59.105, dtype=float32), 'eval/episode_reward': Array(437.395, dtype=float32), 'eval/episode_reward/in_target': Array(413.92, dtype=float32), 'eval/episode_reward/upright': Array(601.719, dtype=float32), 'eval/episode_reward_std': Array(152.821, dtype=float32), 'eval/episode_reward/in_target_std': Array(182.897, dtype=float32), 'eval/episode_reward/upright_std': Array(219.047, dtype=float32), 'eval/avg_episode_length': Array(1000., dtype=float32), 'eval/std_episode_length': Array(0., dtype=float32), 'eval/epoch_eval_time': 3.849644184112549, 'eval/sps': 33249.82618608104}
[2025-07-07 16:03:15,838][absl][INFO] - starting iteration 3 195.39311528205872
[2025-07-07 16:03:50,291][absl][INFO] - [process=0] Started saving checkpoint to /home/sukchul/distributionally_robust_learning/learning/logs/FishSwim/3/ppo/models/27525120.
[2025-07-07 16:03:50,293][absl][INFO] - Creating tmp directory /home/sukchul/distributionally_robust_learning/learning/logs/FishSwim/3/ppo/models/27525120.orbax-checkpoint-tmp-4
[2025-07-07 16:03:50,298][absl][INFO] - Transferring arrays to host memory with options: use_replica_parallel=True, enable_pinned_host_transfer=True
[2025-07-07 16:03:50,304][absl][INFO] - [process=0][thread=MainThread] Initiated "orbax.checkpoint._src.serialization.type_handlers.ArrayHandler".serialize. Time taken: 0.005668s
[2025-07-07 16:03:50,308][absl][INFO] - [process=0] /jax/checkpoint/write/blocking_bytes_per_sec: 82.7 MiB/s (total bytes: 1.0 MiB) (time elapsed: 12 milliseconds) (per-host)
[2025-07-07 16:03:50,309][absl][INFO] - [process=0][thread=MainThread] Initiated Pytree async_save. Time taken: 0.013438s (batch_requests_ready=0.001495s, total_serialization_initiated=0.007007s, others=0.004936s)
[2025-07-07 16:03:50,323][absl][INFO] - [process=0][thread=array_type_handler] Wrote 26 array_metadata.ArrayMetadata to /home/sukchul/distributionally_robust_learning/learning/logs/FishSwim/3/ppo/models/27525120.orbax-checkpoint-tmp-4/array_metadatas/process_0
[2025-07-07 16:03:50,458][absl][INFO] - [process=0][thread=write_metadata_after_commits] Commit + Array metadata written. Time taken: 0.148293s (commit=0.142758s, array_metadata_write=0.005535s)
[2025-07-07 16:03:50,460][absl][INFO] - [process=0] /jax/checkpoint/write/bytes_per_sec: 6.4 MiB/s (total bytes: 1.0 MiB) (time elapsed: 163 milliseconds) (per-host)
[2025-07-07 16:03:50,465][absl][INFO] - [process=0][thread=MainThread] Skipped cross-host ArrayMetadata validation because only one process is found: process_index=0.
[2025-07-07 16:03:50,495][absl][INFO] - [process=0][thread=MainThread] Pytree save finalize (merge_ocdbt + ArrayMetadata validation) completed. Time taken: 0.032506s. use_zarr3=False, enable_post_merge_validation=True, directory=/home/sukchul/distributionally_robust_learning/learning/logs/FishSwim/3/ppo/models/27525120.orbax-checkpoint-tmp-4
[2025-07-07 16:03:50,496][absl][INFO] - Renaming /home/sukchul/distributionally_robust_learning/learning/logs/FishSwim/3/ppo/models/27525120.orbax-checkpoint-tmp-4 to /home/sukchul/distributionally_robust_learning/learning/logs/FishSwim/3/ppo/models/27525120
[2025-07-07 16:03:50,498][absl][INFO] - [process=0][thread=MainThread] Finished saving checkpoint (finalized tmp dir) to `/home/sukchul/distributionally_robust_learning/learning/logs/FishSwim/3/ppo/models/27525120`.
[2025-07-07 16:03:50,499][absl][INFO] - Finished synchronous save in 0.21 seconds to /home/sukchul/distributionally_robust_learning/learning/logs/FishSwim/3/ppo/models/27525120
[2025-07-07 16:03:54,436][absl][INFO] - {'eval/walltime': 48.40828728675842, 'training/sps': np.float64(199821.69876959702), 'training/walltime': 164.39034366607666, 'training/entropy_loss': Array(-0.019, dtype=float32), 'training/policy_loss': Array(-0.006, dtype=float32), 'training/total_loss': Array(71.699, dtype=float32), 'training/v_loss': Array(71.724, dtype=float32), 'eval/episode_reward': Array(493.713, dtype=float32), 'eval/episode_reward/in_target': Array(474.542, dtype=float32), 'eval/episode_reward/upright': Array(627.914, dtype=float32), 'eval/episode_reward_std': Array(151.503, dtype=float32), 'eval/episode_reward/in_target_std': Array(178.542, dtype=float32), 'eval/episode_reward/upright_std': Array(149.892, dtype=float32), 'eval/avg_episode_length': Array(1000., dtype=float32), 'eval/std_episode_length': Array(0., dtype=float32), 'eval/epoch_eval_time': 3.9333364963531494, 'eval/sps': 32542.34671218114}
[2025-07-07 16:03:54,447][absl][INFO] - starting iteration 4 234.00249195098877
[2025-07-07 16:04:28,463][absl][INFO] - [process=0] Started saving checkpoint to /home/sukchul/distributionally_robust_learning/learning/logs/FishSwim/3/ppo/models/34406400.
[2025-07-07 16:04:28,465][absl][INFO] - Creating tmp directory /home/sukchul/distributionally_robust_learning/learning/logs/FishSwim/3/ppo/models/34406400.orbax-checkpoint-tmp-5
[2025-07-07 16:04:28,469][absl][INFO] - Transferring arrays to host memory with options: use_replica_parallel=True, enable_pinned_host_transfer=True
[2025-07-07 16:04:28,474][absl][INFO] - [process=0][thread=MainThread] Initiated "orbax.checkpoint._src.serialization.type_handlers.ArrayHandler".serialize. Time taken: 0.005051s
[2025-07-07 16:04:28,480][absl][INFO] - [process=0] /jax/checkpoint/write/blocking_bytes_per_sec: 80.0 MiB/s (total bytes: 1.0 MiB) (time elapsed: 13 milliseconds) (per-host)
[2025-07-07 16:04:28,480][absl][INFO] - [process=0][thread=MainThread] Initiated Pytree async_save. Time taken: 0.013418s (batch_requests_ready=0.001415s, total_serialization_initiated=0.006321s, others=0.005683s)
[2025-07-07 16:04:28,493][absl][INFO] - [process=0][thread=array_type_handler] Wrote 26 array_metadata.ArrayMetadata to /home/sukchul/distributionally_robust_learning/learning/logs/FishSwim/3/ppo/models/34406400.orbax-checkpoint-tmp-5/array_metadatas/process_0
[2025-07-07 16:04:28,628][absl][INFO] - [process=0][thread=write_metadata_after_commits] Commit + Array metadata written. Time taken: 0.147240s (commit=0.142109s, array_metadata_write=0.005131s)
[2025-07-07 16:04:28,630][absl][INFO] - [process=0] /jax/checkpoint/write/bytes_per_sec: 6.4 MiB/s (total bytes: 1.0 MiB) (time elapsed: 163 milliseconds) (per-host)
[2025-07-07 16:04:28,635][absl][INFO] - [process=0][thread=MainThread] Skipped cross-host ArrayMetadata validation because only one process is found: process_index=0.
[2025-07-07 16:04:28,666][absl][INFO] - [process=0][thread=MainThread] Pytree save finalize (merge_ocdbt + ArrayMetadata validation) completed. Time taken: 0.033145s. use_zarr3=False, enable_post_merge_validation=True, directory=/home/sukchul/distributionally_robust_learning/learning/logs/FishSwim/3/ppo/models/34406400.orbax-checkpoint-tmp-5
[2025-07-07 16:04:28,667][absl][INFO] - Renaming /home/sukchul/distributionally_robust_learning/learning/logs/FishSwim/3/ppo/models/34406400.orbax-checkpoint-tmp-5 to /home/sukchul/distributionally_robust_learning/learning/logs/FishSwim/3/ppo/models/34406400
[2025-07-07 16:04:28,669][absl][INFO] - [process=0][thread=MainThread] Finished saving checkpoint (finalized tmp dir) to `/home/sukchul/distributionally_robust_learning/learning/logs/FishSwim/3/ppo/models/34406400`.
[2025-07-07 16:04:28,669][absl][INFO] - Finished synchronous save in 0.21 seconds to /home/sukchul/distributionally_robust_learning/learning/logs/FishSwim/3/ppo/models/34406400
[2025-07-07 16:04:32,506][absl][INFO] - {'eval/walltime': 52.2424476146698, 'training/sps': np.float64(202399.2231733223), 'training/walltime': 198.3888931274414, 'training/entropy_loss': Array(-0.015, dtype=float32), 'training/policy_loss': Array(-0.007, dtype=float32), 'training/total_loss': Array(62.804, dtype=float32), 'training/v_loss': Array(62.826, dtype=float32), 'eval/episode_reward': Array(542.394, dtype=float32), 'eval/episode_reward/in_target': Array(518.443, dtype=float32), 'eval/episode_reward/upright': Array(710.053, dtype=float32), 'eval/episode_reward_std': Array(193.561, dtype=float32), 'eval/episode_reward/in_target_std': Array(228.389, dtype=float32), 'eval/episode_reward/upright_std': Array(164.632, dtype=float32), 'eval/avg_episode_length': Array(1000., dtype=float32), 'eval/std_episode_length': Array(0., dtype=float32), 'eval/epoch_eval_time': 3.834160327911377, 'eval/sps': 33384.10213787977}
[2025-07-07 16:04:32,511][absl][INFO] - starting iteration 5 272.06640100479126
[2025-07-07 16:05:06,400][absl][INFO] - [process=0] Started saving checkpoint to /home/sukchul/distributionally_robust_learning/learning/logs/FishSwim/3/ppo/models/41287680.
[2025-07-07 16:05:06,401][absl][INFO] - Creating tmp directory /home/sukchul/distributionally_robust_learning/learning/logs/FishSwim/3/ppo/models/41287680.orbax-checkpoint-tmp-6
[2025-07-07 16:05:06,404][absl][INFO] - Transferring arrays to host memory with options: use_replica_parallel=True, enable_pinned_host_transfer=True
[2025-07-07 16:05:06,408][absl][INFO] - [process=0][thread=MainThread] Initiated "orbax.checkpoint._src.serialization.type_handlers.ArrayHandler".serialize. Time taken: 0.003478s
[2025-07-07 16:05:06,412][absl][INFO] - [process=0] /jax/checkpoint/write/blocking_bytes_per_sec: 110.4 MiB/s (total bytes: 1.0 MiB) (time elapsed: 9 milliseconds) (per-host)
[2025-07-07 16:05:06,413][absl][INFO] - [process=0][thread=MainThread] Initiated Pytree async_save. Time taken: 0.010112s (batch_requests_ready=0.000950s, total_serialization_initiated=0.004322s, others=0.004840s)
[2025-07-07 16:05:06,426][absl][INFO] - [process=0][thread=array_type_handler] Wrote 26 array_metadata.ArrayMetadata to /home/sukchul/distributionally_robust_learning/learning/logs/FishSwim/3/ppo/models/41287680.orbax-checkpoint-tmp-6/array_metadatas/process_0
[2025-07-07 16:05:06,566][absl][INFO] - [process=0][thread=write_metadata_after_commits] Commit + Array metadata written. Time taken: 0.152147s (commit=0.147216s, array_metadata_write=0.004931s)
[2025-07-07 16:05:06,568][absl][INFO] - [process=0] /jax/checkpoint/write/bytes_per_sec: 6.4 MiB/s (total bytes: 1.0 MiB) (time elapsed: 164 milliseconds) (per-host)
[2025-07-07 16:05:06,571][absl][INFO] - [process=0][thread=MainThread] Skipped cross-host ArrayMetadata validation because only one process is found: process_index=0.
[2025-07-07 16:05:06,601][absl][INFO] - [process=0][thread=MainThread] Pytree save finalize (merge_ocdbt + ArrayMetadata validation) completed. Time taken: 0.031812s. use_zarr3=False, enable_post_merge_validation=True, directory=/home/sukchul/distributionally_robust_learning/learning/logs/FishSwim/3/ppo/models/41287680.orbax-checkpoint-tmp-6
[2025-07-07 16:05:06,603][absl][INFO] - Renaming /home/sukchul/distributionally_robust_learning/learning/logs/FishSwim/3/ppo/models/41287680.orbax-checkpoint-tmp-6 to /home/sukchul/distributionally_robust_learning/learning/logs/FishSwim/3/ppo/models/41287680
[2025-07-07 16:05:06,604][absl][INFO] - [process=0][thread=MainThread] Finished saving checkpoint (finalized tmp dir) to `/home/sukchul/distributionally_robust_learning/learning/logs/FishSwim/3/ppo/models/41287680`.
[2025-07-07 16:05:06,605][absl][INFO] - Finished synchronous save in 0.21 seconds to /home/sukchul/distributionally_robust_learning/learning/logs/FishSwim/3/ppo/models/41287680
[2025-07-07 16:05:10,522][absl][INFO] - {'eval/walltime': 56.156285524368286, 'training/sps': np.float64(203117.96321993123), 'training/walltime': 232.26713752746582, 'training/entropy_loss': Array(-0.012, dtype=float32), 'training/policy_loss': Array(-0.005, dtype=float32), 'training/total_loss': Array(59.438, dtype=float32), 'training/v_loss': Array(59.454, dtype=float32), 'eval/episode_reward': Array(583.004, dtype=float32), 'eval/episode_reward/in_target': Array(562.03, dtype=float32), 'eval/episode_reward/upright': Array(729.822, dtype=float32), 'eval/episode_reward_std': Array(141.283, dtype=float32), 'eval/episode_reward/in_target_std': Array(167.864, dtype=float32), 'eval/episode_reward/upright_std': Array(156.297, dtype=float32), 'eval/avg_episode_length': Array(1000., dtype=float32), 'eval/std_episode_length': Array(0., dtype=float32), 'eval/epoch_eval_time': 3.9138379096984863, 'eval/sps': 32704.47140460675}
[2025-07-07 16:05:10,527][absl][INFO] - starting iteration 6 310.082257270813
[2025-07-07 16:05:44,748][absl][INFO] - [process=0] Started saving checkpoint to /home/sukchul/distributionally_robust_learning/learning/logs/FishSwim/3/ppo/models/48168960.
[2025-07-07 16:05:44,750][absl][INFO] - Creating tmp directory /home/sukchul/distributionally_robust_learning/learning/logs/FishSwim/3/ppo/models/48168960.orbax-checkpoint-tmp-7
[2025-07-07 16:05:44,757][absl][INFO] - Transferring arrays to host memory with options: use_replica_parallel=True, enable_pinned_host_transfer=True
[2025-07-07 16:05:44,766][absl][INFO] - [process=0][thread=MainThread] Initiated "orbax.checkpoint._src.serialization.type_handlers.ArrayHandler".serialize. Time taken: 0.008885s
[2025-07-07 16:05:44,772][absl][INFO] - [process=0] /jax/checkpoint/write/blocking_bytes_per_sec: 57.7 MiB/s (total bytes: 1.0 MiB) (time elapsed: 18 milliseconds) (per-host)
[2025-07-07 16:05:44,773][absl][INFO] - [process=0][thread=MainThread] Initiated Pytree async_save. Time taken: 0.019627s (batch_requests_ready=0.002402s, total_serialization_initiated=0.010958s, others=0.006267s)
[2025-07-07 16:05:44,786][absl][INFO] - [process=0][thread=array_type_handler] Wrote 26 array_metadata.ArrayMetadata to /home/sukchul/distributionally_robust_learning/learning/logs/FishSwim/3/ppo/models/48168960.orbax-checkpoint-tmp-7/array_metadatas/process_0
[2025-07-07 16:05:44,923][absl][INFO] - [process=0][thread=write_metadata_after_commits] Commit + Array metadata written. Time taken: 0.150070s (commit=0.144845s, array_metadata_write=0.005225s)
[2025-07-07 16:05:44,925][absl][INFO] - [process=0] /jax/checkpoint/write/bytes_per_sec: 6.1 MiB/s (total bytes: 1.0 MiB) (time elapsed: 171 milliseconds) (per-host)
[2025-07-07 16:05:44,930][absl][INFO] - [process=0][thread=MainThread] Skipped cross-host ArrayMetadata validation because only one process is found: process_index=0.
[2025-07-07 16:05:44,959][absl][INFO] - [process=0][thread=MainThread] Pytree save finalize (merge_ocdbt + ArrayMetadata validation) completed. Time taken: 0.031837s. use_zarr3=False, enable_post_merge_validation=True, directory=/home/sukchul/distributionally_robust_learning/learning/logs/FishSwim/3/ppo/models/48168960.orbax-checkpoint-tmp-7
[2025-07-07 16:05:44,961][absl][INFO] - Renaming /home/sukchul/distributionally_robust_learning/learning/logs/FishSwim/3/ppo/models/48168960.orbax-checkpoint-tmp-7 to /home/sukchul/distributionally_robust_learning/learning/logs/FishSwim/3/ppo/models/48168960
[2025-07-07 16:05:44,962][absl][INFO] - [process=0][thread=MainThread] Finished saving checkpoint (finalized tmp dir) to `/home/sukchul/distributionally_robust_learning/learning/logs/FishSwim/3/ppo/models/48168960`.
[2025-07-07 16:05:44,963][absl][INFO] - Finished synchronous save in 0.21 seconds to /home/sukchul/distributionally_robust_learning/learning/logs/FishSwim/3/ppo/models/48168960
[2025-07-07 16:05:48,827][absl][INFO] - {'eval/walltime': 60.01664400100708, 'training/sps': np.float64(201159.51846801792), 'training/walltime': 266.4752130508423, 'training/entropy_loss': Array(-0.011, dtype=float32), 'training/policy_loss': Array(-0.004, dtype=float32), 'training/total_loss': Array(40.138, dtype=float32), 'training/v_loss': Array(40.153, dtype=float32), 'eval/episode_reward': Array(607.007, dtype=float32), 'eval/episode_reward/in_target': Array(593.401, dtype=float32), 'eval/episode_reward/upright': Array(702.252, dtype=float32), 'eval/episode_reward_std': Array(143.583, dtype=float32), 'eval/episode_reward/in_target_std': Array(170.496, dtype=float32), 'eval/episode_reward/upright_std': Array(160.987, dtype=float32), 'eval/avg_episode_length': Array(1000., dtype=float32), 'eval/std_episode_length': Array(0., dtype=float32), 'eval/epoch_eval_time': 3.860358476638794, 'eval/sps': 33157.542434102994}
[2025-07-07 16:05:48,838][absl][INFO] - starting iteration 7 348.3936529159546
[2025-07-07 16:06:23,229][absl][INFO] - [process=0] Started saving checkpoint to /home/sukchul/distributionally_robust_learning/learning/logs/FishSwim/3/ppo/models/55050240.
[2025-07-07 16:06:23,231][absl][INFO] - Creating tmp directory /home/sukchul/distributionally_robust_learning/learning/logs/FishSwim/3/ppo/models/55050240.orbax-checkpoint-tmp-8
[2025-07-07 16:06:23,243][absl][INFO] - Transferring arrays to host memory with options: use_replica_parallel=True, enable_pinned_host_transfer=True
[2025-07-07 16:06:23,249][absl][INFO] - [process=0][thread=MainThread] Initiated "orbax.checkpoint._src.serialization.type_handlers.ArrayHandler".serialize. Time taken: 0.006385s
[2025-07-07 16:06:23,254][absl][INFO] - [process=0] /jax/checkpoint/write/blocking_bytes_per_sec: 75.9 MiB/s (total bytes: 1.0 MiB) (time elapsed: 13 milliseconds) (per-host)
[2025-07-07 16:06:23,256][absl][INFO] - [process=0][thread=MainThread] Initiated Pytree async_save. Time taken: 0.015931s (batch_requests_ready=0.001722s, total_serialization_initiated=0.007955s, others=0.006254s)
[2025-07-07 16:06:23,269][absl][INFO] - [process=0][thread=array_type_handler] Wrote 26 array_metadata.ArrayMetadata to /home/sukchul/distributionally_robust_learning/learning/logs/FishSwim/3/ppo/models/55050240.orbax-checkpoint-tmp-8/array_metadatas/process_0
[2025-07-07 16:06:23,398][absl][INFO] - [process=0][thread=write_metadata_after_commits] Commit + Array metadata written. Time taken: 0.142054s (commit=0.136522s, array_metadata_write=0.005532s)
[2025-07-07 16:06:23,400][absl][INFO] - [process=0] /jax/checkpoint/write/bytes_per_sec: 6.5 MiB/s (total bytes: 1.0 MiB) (time elapsed: 160 milliseconds) (per-host)
[2025-07-07 16:06:23,406][absl][INFO] - [process=0][thread=MainThread] Skipped cross-host ArrayMetadata validation because only one process is found: process_index=0.
[2025-07-07 16:06:23,436][absl][INFO] - [process=0][thread=MainThread] Pytree save finalize (merge_ocdbt + ArrayMetadata validation) completed. Time taken: 0.032805s. use_zarr3=False, enable_post_merge_validation=True, directory=/home/sukchul/distributionally_robust_learning/learning/logs/FishSwim/3/ppo/models/55050240.orbax-checkpoint-tmp-8
[2025-07-07 16:06:23,438][absl][INFO] - Renaming /home/sukchul/distributionally_robust_learning/learning/logs/FishSwim/3/ppo/models/55050240.orbax-checkpoint-tmp-8 to /home/sukchul/distributionally_robust_learning/learning/logs/FishSwim/3/ppo/models/55050240
[2025-07-07 16:06:23,440][absl][INFO] - [process=0][thread=MainThread] Finished saving checkpoint (finalized tmp dir) to `/home/sukchul/distributionally_robust_learning/learning/logs/FishSwim/3/ppo/models/55050240`.
[2025-07-07 16:06:23,440][absl][INFO] - Finished synchronous save in 0.21 seconds to /home/sukchul/distributionally_robust_learning/learning/logs/FishSwim/3/ppo/models/55050240
[2025-07-07 16:06:27,373][absl][INFO] - {'eval/walltime': 63.94465494155884, 'training/sps': np.float64(200190.34839208002), 'training/walltime': 300.84889817237854, 'training/entropy_loss': Array(-0.01, dtype=float32), 'training/policy_loss': Array(-0.008, dtype=float32), 'training/total_loss': Array(33.347, dtype=float32), 'training/v_loss': Array(33.365, dtype=float32), 'eval/episode_reward': Array(646.621, dtype=float32), 'eval/episode_reward/in_target': Array(629.984, dtype=float32), 'eval/episode_reward/upright': Array(763.083, dtype=float32), 'eval/episode_reward_std': Array(138.044, dtype=float32), 'eval/episode_reward/in_target_std': Array(161.639, dtype=float32), 'eval/episode_reward/upright_std': Array(146.652, dtype=float32), 'eval/avg_episode_length': Array(1000., dtype=float32), 'eval/std_episode_length': Array(0., dtype=float32), 'eval/epoch_eval_time': 3.928010940551758, 'eval/sps': 32586.46728260389}
[2025-07-07 16:06:27,383][absl][INFO] - starting iteration 8 386.93810772895813
[2025-07-07 16:07:02,080][absl][INFO] - [process=0] Started saving checkpoint to /home/sukchul/distributionally_robust_learning/learning/logs/FishSwim/3/ppo/models/61931520.
[2025-07-07 16:07:02,082][absl][INFO] - Creating tmp directory /home/sukchul/distributionally_robust_learning/learning/logs/FishSwim/3/ppo/models/61931520.orbax-checkpoint-tmp-9
[2025-07-07 16:07:02,087][absl][INFO] - Transferring arrays to host memory with options: use_replica_parallel=True, enable_pinned_host_transfer=True
[2025-07-07 16:07:02,091][absl][INFO] - [process=0][thread=MainThread] Initiated "orbax.checkpoint._src.serialization.type_handlers.ArrayHandler".serialize. Time taken: 0.004462s
[2025-07-07 16:07:02,096][absl][INFO] - [process=0] /jax/checkpoint/write/blocking_bytes_per_sec: 90.1 MiB/s (total bytes: 1.0 MiB) (time elapsed: 11 milliseconds) (per-host)
[2025-07-07 16:07:02,096][absl][INFO] - [process=0][thread=MainThread] Initiated Pytree async_save. Time taken: 0.012358s (batch_requests_ready=0.001640s, total_serialization_initiated=0.005710s, others=0.005008s)
[2025-07-07 16:07:02,110][absl][INFO] - [process=0][thread=array_type_handler] Wrote 26 array_metadata.ArrayMetadata to /home/sukchul/distributionally_robust_learning/learning/logs/FishSwim/3/ppo/models/61931520.orbax-checkpoint-tmp-9/array_metadatas/process_0
[2025-07-07 16:07:02,247][absl][INFO] - [process=0][thread=write_metadata_after_commits] Commit + Array metadata written. Time taken: 0.149485s (commit=0.144709s, array_metadata_write=0.004776s)
[2025-07-07 16:07:02,248][absl][INFO] - [process=0] /jax/checkpoint/write/bytes_per_sec: 6.4 MiB/s (total bytes: 1.0 MiB) (time elapsed: 164 milliseconds) (per-host)
[2025-07-07 16:07:02,251][absl][INFO] - [process=0][thread=MainThread] Skipped cross-host ArrayMetadata validation because only one process is found: process_index=0.
[2025-07-07 16:07:02,278][absl][INFO] - [process=0][thread=MainThread] Pytree save finalize (merge_ocdbt + ArrayMetadata validation) completed. Time taken: 0.028866s. use_zarr3=False, enable_post_merge_validation=True, directory=/home/sukchul/distributionally_robust_learning/learning/logs/FishSwim/3/ppo/models/61931520.orbax-checkpoint-tmp-9
[2025-07-07 16:07:02,279][absl][INFO] - Renaming /home/sukchul/distributionally_robust_learning/learning/logs/FishSwim/3/ppo/models/61931520.orbax-checkpoint-tmp-9 to /home/sukchul/distributionally_robust_learning/learning/logs/FishSwim/3/ppo/models/61931520
[2025-07-07 16:07:02,280][absl][INFO] - [process=0][thread=MainThread] Finished saving checkpoint (finalized tmp dir) to `/home/sukchul/distributionally_robust_learning/learning/logs/FishSwim/3/ppo/models/61931520`.
[2025-07-07 16:07:02,280][absl][INFO] - Finished synchronous save in 0.20 seconds to /home/sukchul/distributionally_robust_learning/learning/logs/FishSwim/3/ppo/models/61931520
[2025-07-07 16:07:06,124][absl][INFO] - {'eval/walltime': 67.78519868850708, 'training/sps': np.float64(198415.89476639926), 'training/walltime': 335.5299906730652, 'training/entropy_loss': Array(-0.007, dtype=float32), 'training/policy_loss': Array(-0.004, dtype=float32), 'training/total_loss': Array(37.036, dtype=float32), 'training/v_loss': Array(37.048, dtype=float32), 'eval/episode_reward': Array(608.822, dtype=float32), 'eval/episode_reward/in_target': Array(587.22, dtype=float32), 'eval/episode_reward/upright': Array(760.03, dtype=float32), 'eval/episode_reward_std': Array(161.638, dtype=float32), 'eval/episode_reward/in_target_std': Array(187.553, dtype=float32), 'eval/episode_reward/upright_std': Array(131.584, dtype=float32), 'eval/avg_episode_length': Array(1000., dtype=float32), 'eval/std_episode_length': Array(0., dtype=float32), 'eval/epoch_eval_time': 3.840543746948242, 'eval/sps': 33328.613976005574}
[2025-07-07 16:07:07,064][absl][INFO] - total steps: 61931520
