[2025-07-07 20:33:57,722][jax._src.xla_bridge][INFO] - Unable to initialize backend 'tpu': INTERNAL: Failed to open libtpu.so: libtpu.so: cannot open shared object file: No such file or directory
[2025-07-07 20:33:58,005][root][INFO] - Using JAX default device: cuda:0.
[2025-07-07 20:33:58,006][root][INFO] - MJX Warp is disabled via MJX_WARP_ENABLED=false.
[2025-07-07 20:33:58,276][root][INFO] - Using JAX default device: cuda:0.
[2025-07-07 20:33:58,276][root][INFO] - MJX Warp is disabled via MJX_WARP_ENABLED=false.
[2025-07-07 20:33:58,301][absl][INFO] - Device count: 1, process count: 1 (id 0), local device count: 1, devices to be used count: 1
[2025-07-07 20:34:02,052][root][INFO] - Using JAX default device: cuda:0.
[2025-07-07 20:34:02,053][root][INFO] - MJX Warp is disabled via MJX_WARP_ENABLED=false.
[2025-07-07 20:35:55,646][root][INFO] - Using JAX default device: cuda:0.
[2025-07-07 20:35:55,646][root][INFO] - MJX Warp is disabled via MJX_WARP_ENABLED=false.
[2025-07-07 20:37:50,460][absl][INFO] - {'eval/walltime': 114.6742193698883, 'eval/episode_reward': Array(0.051, dtype=float32), 'eval/episode_reward/action_rate': Array(-8.823, dtype=float32), 'eval/episode_reward/dof_acc': Array(-130.298, dtype=float32), 'eval/episode_reward/dof_pos_limits': Array(-14.821, dtype=float32), 'eval/episode_reward/dof_vel': Array(-5520.112, dtype=float32), 'eval/episode_reward/orientation': Array(147.878, dtype=float32), 'eval/episode_reward/posture': Array(0.172, dtype=float32), 'eval/episode_reward/stand_still': Array(0., dtype=float32), 'eval/episode_reward/torques': Array(-0.202, dtype=float32), 'eval/episode_reward/torso_height': Array(31.105, dtype=float32), 'eval/episode_reward_std': Array(0.043, dtype=float32), 'eval/episode_reward/action_rate_std': Array(0.472, dtype=float32), 'eval/episode_reward/dof_acc_std': Array(16.943, dtype=float32), 'eval/episode_reward/dof_pos_limits_std': Array(1.532, dtype=float32), 'eval/episode_reward/dof_vel_std': Array(653.736, dtype=float32), 'eval/episode_reward/orientation_std': Array(86.612, dtype=float32), 'eval/episode_reward/posture_std': Array(0.493, dtype=float32), 'eval/episode_reward/stand_still_std': Array(0., dtype=float32), 'eval/episode_reward/torques_std': Array(0.015, dtype=float32), 'eval/episode_reward/torso_height_std': Array(7.51, dtype=float32), 'eval/avg_episode_length': Array(300., dtype=float32), 'eval/std_episode_length': Array(0., dtype=float32), 'eval/epoch_eval_time': 114.6742193698883, 'eval/sps': 334.8616647316219}
[2025-07-07 20:37:50,497][absl][INFO] - orbax-checkpoint version: 0.11.18
[2025-07-07 20:37:50,498][absl][INFO] - [thread=MainThread] Failed to get flag value for EXPERIMENTAL_ORBAX_USE_DISTRIBUTED_PROCESS_ID.
[2025-07-07 20:37:50,498][absl][INFO] - [process=0] Started saving checkpoint to /home/sukchul/distributionally_robust_learning/learning/logs/Go1Getup/1/ppo/models/0.
[2025-07-07 20:37:50,500][absl][INFO] - Creating tmp directory /home/sukchul/distributionally_robust_learning/learning/logs/Go1Getup/1/ppo/models/0.orbax-checkpoint-tmp-0
[2025-07-07 20:37:50,502][absl][INFO] - Wrote Metadata={'item_handlers': None, 'metrics': {}, 'performance_metrics': {}, 'init_timestamp_nsecs': 1751888270501888183, 'commit_timestamp_nsecs': None, 'custom_metadata': {}}, json={"item_handlers": null, "metrics": {}, "performance_metrics": {}, "init_timestamp_nsecs": 1751888270501888183, "commit_timestamp_nsecs": null, "custom_metadata": {}} to /home/sukchul/distributionally_robust_learning/learning/logs/Go1Getup/1/ppo/models/0.orbax-checkpoint-tmp-0/_CHECKPOINT_METADATA
[2025-07-07 20:37:50,509][absl][INFO] - Transferring arrays to host memory with options: use_replica_parallel=True, enable_pinned_host_transfer=True
[2025-07-07 20:37:50,518][absl][INFO] - Using ThreadSafeKeyValueSignalingClient
[2025-07-07 20:37:50,518][absl][INFO] - [process=0][thread=MainThread] Initiated "orbax.checkpoint._src.serialization.type_handlers.ArrayHandler".serialize. Time taken: 0.009166s
[2025-07-07 20:37:50,527][absl][INFO] - [process=0] /jax/checkpoint/write/blocking_bytes_per_sec: 67.0 MiB/s (total bytes: 1.5 MiB) (time elapsed: 22 milliseconds) (per-host)
[2025-07-07 20:37:50,527][absl][INFO] - [process=0][thread=MainThread] Initiated Pytree async_save. Time taken: 0.023125s (batch_requests_ready=0.002639s, total_serialization_initiated=0.012210s, others=0.008276s)
[2025-07-07 20:37:50,530][absl][INFO] - [process=0][thread=array_type_handler] Wrote 23 array_metadata.ArrayMetadata to /home/sukchul/distributionally_robust_learning/learning/logs/Go1Getup/1/ppo/models/0.orbax-checkpoint-tmp-0/array_metadatas/process_0
[2025-07-07 20:37:50,671][absl][INFO] - [process=0][thread=write_metadata_after_commits] Commit + Array metadata written. Time taken: 0.143507s (commit=0.138625s, array_metadata_write=0.004882s)
[2025-07-07 20:37:50,672][absl][INFO] - [process=0] /jax/checkpoint/write/bytes_per_sec: 9.1 MiB/s (total bytes: 1.5 MiB) (time elapsed: 168 milliseconds) (per-host)
[2025-07-07 20:37:50,674][absl][INFO] - Read Metadata={'item_handlers': None, 'metrics': {}, 'performance_metrics': {}, 'init_timestamp_nsecs': 1751888270501888183, 'commit_timestamp_nsecs': None, 'custom_metadata': {}} from /home/sukchul/distributionally_robust_learning/learning/logs/Go1Getup/1/ppo/models/0.orbax-checkpoint-tmp-0/_CHECKPOINT_METADATA
[2025-07-07 20:37:50,675][absl][INFO] - Updated Metadata={'item_handlers': 'orbax.checkpoint._src.handlers.pytree_checkpoint_handler.PyTreeCheckpointHandler', 'metrics': {}, 'performance_metrics': {}, 'init_timestamp_nsecs': 1751888270501888183, 'commit_timestamp_nsecs': None, 'custom_metadata': {}} to /home/sukchul/distributionally_robust_learning/learning/logs/Go1Getup/1/ppo/models/0.orbax-checkpoint-tmp-0/_CHECKPOINT_METADATA
[2025-07-07 20:37:50,679][absl][INFO] - [process=0][thread=MainThread] Skipped cross-host ArrayMetadata validation because only one process is found: process_index=0.
[2025-07-07 20:37:50,708][absl][INFO] - [process=0][thread=MainThread] Pytree save finalize (merge_ocdbt + ArrayMetadata validation) completed. Time taken: 0.032621s. use_zarr3=False, enable_post_merge_validation=True, directory=/home/sukchul/distributionally_robust_learning/learning/logs/Go1Getup/1/ppo/models/0.orbax-checkpoint-tmp-0
[2025-07-07 20:37:50,710][absl][INFO] - Renaming /home/sukchul/distributionally_robust_learning/learning/logs/Go1Getup/1/ppo/models/0.orbax-checkpoint-tmp-0 to /home/sukchul/distributionally_robust_learning/learning/logs/Go1Getup/1/ppo/models/0
[2025-07-07 20:37:50,711][absl][INFO] - [process=0][thread=MainThread] Finished saving checkpoint (finalized tmp dir) to `/home/sukchul/distributionally_robust_learning/learning/logs/Go1Getup/1/ppo/models/0`.
[2025-07-07 20:37:50,712][absl][INFO] - Finished synchronous save in 0.21 seconds to /home/sukchul/distributionally_robust_learning/learning/logs/Go1Getup/1/ppo/models/0
[2025-07-07 20:37:50,712][absl][INFO] - starting iteration 0 232.41164636611938
